26.03.2024 02:08:27.227 [HikariPool-1 housekeeper] WARN  c.z.h.p.HikariPool - HikariPool-1 - Thread starvation or clock leap detected (housekeeper delta=2h4m2s356ms641µs100ns).
26.03.2024 02:08:29.503 [SpringApplicationShutdownHook] INFO  o.s.o.j.LocalContainerEntityManagerFactoryBean - Closing JPA EntityManagerFactory for persistence unit 'default'
26.03.2024 02:08:29.512 [SpringApplicationShutdownHook] INFO  c.z.h.HikariDataSource - HikariPool-1 - Shutdown initiated...
26.03.2024 02:08:29.528 [SpringApplicationShutdownHook] INFO  c.z.h.HikariDataSource - HikariPool-1 - Shutdown completed.
26.03.2024 18:44:02.594 [restartedMain] INFO  c.v.a.AirTicketsAppApplication - Starting AirTicketsAppApplication using Java 20.0.1 with PID 19808 (C:\Users\vahne\Desktop\Project\AirTicketsApp\target\classes started by Ruslan in C:\Users\vahne\Desktop\Project\AirTicketsApp)
26.03.2024 18:44:02.597 [restartedMain] INFO  c.v.a.AirTicketsAppApplication - No active profile set, falling back to 1 default profile: "default"
26.03.2024 18:44:02.679 [restartedMain] INFO  o.s.b.d.e.DevToolsPropertyDefaultsPostProcessor - Devtools property defaults active! Set 'spring.devtools.add-properties' to 'false' to disable
26.03.2024 18:44:02.680 [restartedMain] INFO  o.s.b.d.e.DevToolsPropertyDefaultsPostProcessor - For additional web related logging consider setting the 'logging.level.web' property to 'DEBUG'
26.03.2024 18:44:04.352 [restartedMain] INFO  o.s.d.r.c.RepositoryConfigurationDelegate - Multiple Spring Data modules found, entering strict repository configuration mode
26.03.2024 18:44:04.355 [restartedMain] INFO  o.s.d.r.c.RepositoryConfigurationDelegate - Bootstrapping Spring Data JPA repositories in DEFAULT mode.
26.03.2024 18:44:04.473 [restartedMain] INFO  o.s.d.r.c.RepositoryConfigurationDelegate - Finished Spring Data repository scanning in 105 ms. Found 5 JPA repository interfaces.
26.03.2024 18:44:04.493 [restartedMain] INFO  o.s.d.r.c.RepositoryConfigurationDelegate - Multiple Spring Data modules found, entering strict repository configuration mode
26.03.2024 18:44:04.495 [restartedMain] INFO  o.s.d.r.c.RepositoryConfigurationDelegate - Bootstrapping Spring Data Redis repositories in DEFAULT mode.
26.03.2024 18:44:04.520 [restartedMain] INFO  o.s.d.r.c.RepositoryConfigurationExtensionSupport - Spring Data Redis - Could not safely identify store assignment for repository candidate interface com.vahner.airticketsapp.repository.AccountRepository; If you want this repository to be a Redis repository, consider annotating your entities with one of these annotations: org.springframework.data.redis.core.RedisHash (preferred), or consider extending one of the following types with your repository: org.springframework.data.keyvalue.repository.KeyValueRepository
26.03.2024 18:44:04.520 [restartedMain] INFO  o.s.d.r.c.RepositoryConfigurationExtensionSupport - Spring Data Redis - Could not safely identify store assignment for repository candidate interface com.vahner.airticketsapp.repository.CartRepository; If you want this repository to be a Redis repository, consider annotating your entities with one of these annotations: org.springframework.data.redis.core.RedisHash (preferred), or consider extending one of the following types with your repository: org.springframework.data.keyvalue.repository.KeyValueRepository
26.03.2024 18:44:04.521 [restartedMain] INFO  o.s.d.r.c.RepositoryConfigurationExtensionSupport - Spring Data Redis - Could not safely identify store assignment for repository candidate interface com.vahner.airticketsapp.repository.FlightRepository; If you want this repository to be a Redis repository, consider annotating your entities with one of these annotations: org.springframework.data.redis.core.RedisHash (preferred), or consider extending one of the following types with your repository: org.springframework.data.keyvalue.repository.KeyValueRepository
26.03.2024 18:44:04.521 [restartedMain] INFO  o.s.d.r.c.RepositoryConfigurationExtensionSupport - Spring Data Redis - Could not safely identify store assignment for repository candidate interface com.vahner.airticketsapp.repository.PassengerRepository; If you want this repository to be a Redis repository, consider annotating your entities with one of these annotations: org.springframework.data.redis.core.RedisHash (preferred), or consider extending one of the following types with your repository: org.springframework.data.keyvalue.repository.KeyValueRepository
26.03.2024 18:44:04.521 [restartedMain] INFO  o.s.d.r.c.RepositoryConfigurationExtensionSupport - Spring Data Redis - Could not safely identify store assignment for repository candidate interface com.vahner.airticketsapp.repository.TicketRepository; If you want this repository to be a Redis repository, consider annotating your entities with one of these annotations: org.springframework.data.redis.core.RedisHash (preferred), or consider extending one of the following types with your repository: org.springframework.data.keyvalue.repository.KeyValueRepository
26.03.2024 18:44:04.521 [restartedMain] INFO  o.s.d.r.c.RepositoryConfigurationDelegate - Finished Spring Data repository scanning in 10 ms. Found 0 Redis repository interfaces.
26.03.2024 18:44:05.884 [restartedMain] INFO  o.s.b.w.e.t.TomcatWebServer - Tomcat initialized with port 8080 (http)
26.03.2024 18:44:05.901 [restartedMain] INFO  o.a.c.c.StandardService - Starting service [Tomcat]
26.03.2024 18:44:05.902 [restartedMain] INFO  o.a.c.c.StandardEngine - Starting Servlet engine: [Apache Tomcat/10.1.18]
26.03.2024 18:44:05.991 [restartedMain] INFO  o.a.c.c.C.[.[.[/] - Initializing Spring embedded WebApplicationContext
26.03.2024 18:44:05.991 [restartedMain] INFO  o.s.b.w.s.c.ServletWebServerApplicationContext - Root WebApplicationContext: initialization completed in 3310 ms
26.03.2024 18:44:06.070 [restartedMain] INFO  c.z.h.HikariDataSource - HikariPool-1 - Starting...
26.03.2024 18:44:06.635 [restartedMain] INFO  c.z.h.p.HikariPool - HikariPool-1 - Added connection com.mysql.cj.jdbc.ConnectionImpl@6e0ea240
26.03.2024 18:44:06.638 [restartedMain] INFO  c.z.h.HikariDataSource - HikariPool-1 - Start completed.
26.03.2024 18:44:06.648 [restartedMain] INFO  o.s.b.a.h.H2ConsoleAutoConfiguration - H2 console available at '/h2-console'. Database available at 'jdbc:mysql://localhost:3306/airticket'
26.03.2024 18:44:07.856 [restartedMain] INFO  liquibase.changelog - Reading from airticket.databasechangelog
26.03.2024 18:44:07.935 [restartedMain] INFO  liquibase.ui - Database is up to date, no changesets to execute
26.03.2024 18:44:07.940 [restartedMain] INFO  liquibase.changelog - Reading from airticket.databasechangelog
26.03.2024 18:44:07.952 [restartedMain] INFO  liquibase.util - UPDATE SUMMARY
26.03.2024 18:44:07.952 [restartedMain] INFO  liquibase.util - Run:                          0
26.03.2024 18:44:07.952 [restartedMain] INFO  liquibase.util - Previously run:              13
26.03.2024 18:44:07.952 [restartedMain] INFO  liquibase.util - Filtered out:                 0
26.03.2024 18:44:07.953 [restartedMain] INFO  liquibase.util - -------------------------------
26.03.2024 18:44:07.953 [restartedMain] INFO  liquibase.util - Total change sets:           13
26.03.2024 18:44:07.954 [restartedMain] INFO  liquibase.util - Update summary generated
26.03.2024 18:44:07.979 [restartedMain] INFO  l.lockservice - Successfully released change log lock
26.03.2024 18:44:07.982 [restartedMain] INFO  liquibase.command - Command execution complete
26.03.2024 18:44:08.147 [restartedMain] INFO  o.h.j.i.u.LogHelper - HHH000204: Processing PersistenceUnitInfo [name: default]
26.03.2024 18:44:08.265 [restartedMain] INFO  o.hibernate.Version - HHH000412: Hibernate ORM core version 6.4.1.Final
26.03.2024 18:44:08.325 [restartedMain] INFO  o.h.c.i.RegionFactoryInitiator - HHH000026: Second-level cache disabled
26.03.2024 18:44:08.717 [restartedMain] INFO  o.s.o.j.p.SpringPersistenceUnitInfo - No LoadTimeWeaver setup: ignoring JPA class transformer
26.03.2024 18:44:08.791 [restartedMain] WARN  o.h.orm.deprecation - HHH90000025: MySQL8Dialect does not need to be specified explicitly using 'hibernate.dialect' (remove the property setting and it will be selected by default)
26.03.2024 18:44:08.792 [restartedMain] WARN  o.h.orm.deprecation - HHH90000026: MySQL8Dialect has been deprecated; use org.hibernate.dialect.MySQLDialect instead
26.03.2024 18:44:10.192 [restartedMain] INFO  o.h.e.t.j.p.i.JtaPlatformInitiator - HHH000489: No JTA platform available (set 'hibernate.transaction.jta.platform' to enable JTA platform integration)
26.03.2024 18:44:10.194 [restartedMain] INFO  o.s.o.j.LocalContainerEntityManagerFactoryBean - Initialized JPA EntityManagerFactory for persistence unit 'default'
26.03.2024 18:44:11.999 [restartedMain] WARN  o.s.b.a.o.j.JpaBaseConfiguration$JpaWebConfiguration - spring.jpa.open-in-view is enabled by default. Therefore, database queries may be performed during view rendering. Explicitly configure spring.jpa.open-in-view to disable this warning
26.03.2024 18:44:13.317 [restartedMain] WARN  o.s.b.a.t.ThymeleafAutoConfiguration$DefaultTemplateResolverConfiguration - Cannot find template location: classpath:/templates/ (please add some templates, check your Thymeleaf configuration, or set spring.thymeleaf.check-template-location=false)
26.03.2024 18:44:13.986 [restartedMain] WARN  o.s.b.a.s.s.UserDetailsServiceAutoConfiguration - 

Using generated security password: c73cf37e-cb74-4f03-b7c4-1bc582e34c7c

This generated password is for development use only. Your security configuration must be updated before running your application in production.

26.03.2024 18:44:14.284 [restartedMain] INFO  o.s.s.w.DefaultSecurityFilterChain - Will secure any request with [org.springframework.security.web.session.DisableEncodeUrlFilter@43957c59, org.springframework.security.web.context.request.async.WebAsyncManagerIntegrationFilter@5281f150, org.springframework.security.web.context.SecurityContextHolderFilter@408223b0, org.springframework.security.web.header.HeaderWriterFilter@37bf5e4, org.springframework.web.filter.CorsFilter@29f82fce, org.springframework.security.web.csrf.CsrfFilter@697e7326, org.springframework.security.web.authentication.logout.LogoutFilter@3cc2ba22, org.springframework.security.web.authentication.UsernamePasswordAuthenticationFilter@22ffaa1d, org.springframework.security.web.authentication.ui.DefaultLoginPageGeneratingFilter@5ad1d751, org.springframework.security.web.authentication.ui.DefaultLogoutPageGeneratingFilter@5ba6ef8a, org.springframework.security.web.authentication.www.BasicAuthenticationFilter@6f328608, org.springframework.security.web.savedrequest.RequestCacheAwareFilter@1797b3a4, org.springframework.security.web.servletapi.SecurityContextHolderAwareRequestFilter@4c6ebe16, org.springframework.security.web.authentication.AnonymousAuthenticationFilter@33393713, org.springframework.security.web.access.ExceptionTranslationFilter@f87b724, org.springframework.security.web.access.intercept.AuthorizationFilter@7001333f]
26.03.2024 18:44:14.406 [restartedMain] INFO  o.s.b.d.a.OptionalLiveReloadServer - LiveReload server is running on port 35729
26.03.2024 18:44:14.469 [restartedMain] INFO  o.s.b.w.e.t.TomcatWebServer - Tomcat started on port 8080 (http) with context path ''
26.03.2024 18:44:14.479 [restartedMain] INFO  c.v.a.AirTicketsAppApplication - Started AirTicketsAppApplication in 12.647 seconds (process running for 13.752)
26.03.2024 18:44:29.616 [http-nio-8080-exec-1] INFO  o.a.c.c.C.[.[.[/] - Initializing Spring DispatcherServlet 'dispatcherServlet'
26.03.2024 18:44:29.616 [http-nio-8080-exec-1] INFO  o.s.w.s.DispatcherServlet - Initializing Servlet 'dispatcherServlet'
26.03.2024 18:44:29.617 [http-nio-8080-exec-1] INFO  o.s.w.s.DispatcherServlet - Completed initialization in 1 ms
26.03.2024 18:44:29.638 [http-nio-8080-exec-1] DEBUG o.s.s.w.FilterChainProxy - Securing GET /swagger-ui-custom.html
26.03.2024 18:44:29.649 [http-nio-8080-exec-1] DEBUG o.s.s.w.a.AnonymousAuthenticationFilter - Set SecurityContextHolder to anonymous SecurityContext
26.03.2024 18:44:29.705 [http-nio-8080-exec-1] DEBUG o.s.s.w.s.HttpSessionRequestCache - Saved request http://localhost:8080/swagger-ui-custom.html?continue to session
26.03.2024 18:44:29.709 [http-nio-8080-exec-1] DEBUG o.s.s.w.a.DelegatingAuthenticationEntryPoint - Trying to match using And [Not [RequestHeaderRequestMatcher [expectedHeaderName=X-Requested-With, expectedHeaderValue=XMLHttpRequest]], MediaTypeRequestMatcher [contentNegotiationStrategy=org.springframework.web.accept.ContentNegotiationManager@1bfbe1da, matchingMediaTypes=[application/xhtml+xml, image/*, text/html, text/plain], useEquals=false, ignoredMediaTypes=[*/*]]]
26.03.2024 18:44:29.709 [http-nio-8080-exec-1] DEBUG o.s.s.w.a.DelegatingAuthenticationEntryPoint - Match found! Executing org.springframework.security.web.authentication.LoginUrlAuthenticationEntryPoint@4dc1894e
26.03.2024 18:44:29.710 [http-nio-8080-exec-1] DEBUG o.s.s.w.DefaultRedirectStrategy - Redirecting to http://localhost:8080/login
26.03.2024 18:44:29.717 [http-nio-8080-exec-2] DEBUG o.s.s.w.FilterChainProxy - Securing GET /login
26.03.2024 18:44:29.893 [http-nio-8080-exec-7] DEBUG o.s.s.w.FilterChainProxy - Securing GET /favicon.ico
26.03.2024 18:44:29.894 [http-nio-8080-exec-7] DEBUG o.s.s.w.a.AnonymousAuthenticationFilter - Set SecurityContextHolder to anonymous SecurityContext
26.03.2024 18:44:29.895 [http-nio-8080-exec-7] DEBUG o.s.s.w.a.DelegatingAuthenticationEntryPoint - Trying to match using And [Not [RequestHeaderRequestMatcher [expectedHeaderName=X-Requested-With, expectedHeaderValue=XMLHttpRequest]], MediaTypeRequestMatcher [contentNegotiationStrategy=org.springframework.web.accept.ContentNegotiationManager@1bfbe1da, matchingMediaTypes=[application/xhtml+xml, image/*, text/html, text/plain], useEquals=false, ignoredMediaTypes=[*/*]]]
26.03.2024 18:44:29.895 [http-nio-8080-exec-7] DEBUG o.s.s.w.a.DelegatingAuthenticationEntryPoint - Match found! Executing org.springframework.security.web.authentication.LoginUrlAuthenticationEntryPoint@4dc1894e
26.03.2024 18:44:29.896 [http-nio-8080-exec-7] DEBUG o.s.s.w.DefaultRedirectStrategy - Redirecting to http://localhost:8080/login
26.03.2024 18:44:29.903 [http-nio-8080-exec-4] DEBUG o.s.s.w.FilterChainProxy - Securing GET /login
26.03.2024 18:45:02.280 [http-nio-8080-exec-5] DEBUG o.s.s.w.FilterChainProxy - Securing POST /login
26.03.2024 18:45:02.362 [http-nio-8080-exec-5] WARN  o.s.s.c.b.BCryptPasswordEncoder - Encoded password does not look like BCrypt
26.03.2024 18:45:02.363 [http-nio-8080-exec-5] DEBUG o.s.s.a.d.DaoAuthenticationProvider - Failed to authenticate since password does not match stored value
26.03.2024 18:45:02.368 [http-nio-8080-exec-5] DEBUG o.s.s.w.DefaultRedirectStrategy - Redirecting to /login?error
26.03.2024 18:45:02.375 [http-nio-8080-exec-6] DEBUG o.s.s.w.FilterChainProxy - Securing GET /login?error
26.03.2024 18:45:02.404 [http-nio-8080-exec-3] DEBUG o.s.s.w.FilterChainProxy - Securing GET /favicon.ico
26.03.2024 18:45:02.405 [http-nio-8080-exec-3] DEBUG o.s.s.w.a.AnonymousAuthenticationFilter - Set SecurityContextHolder to anonymous SecurityContext
26.03.2024 18:45:02.406 [http-nio-8080-exec-3] DEBUG o.s.s.w.a.DelegatingAuthenticationEntryPoint - Trying to match using And [Not [RequestHeaderRequestMatcher [expectedHeaderName=X-Requested-With, expectedHeaderValue=XMLHttpRequest]], MediaTypeRequestMatcher [contentNegotiationStrategy=org.springframework.web.accept.ContentNegotiationManager@1bfbe1da, matchingMediaTypes=[application/xhtml+xml, image/*, text/html, text/plain], useEquals=false, ignoredMediaTypes=[*/*]]]
26.03.2024 18:45:02.406 [http-nio-8080-exec-3] DEBUG o.s.s.w.a.DelegatingAuthenticationEntryPoint - Match found! Executing org.springframework.security.web.authentication.LoginUrlAuthenticationEntryPoint@4dc1894e
26.03.2024 18:45:02.406 [http-nio-8080-exec-3] DEBUG o.s.s.w.DefaultRedirectStrategy - Redirecting to http://localhost:8080/login
26.03.2024 18:45:02.414 [http-nio-8080-exec-8] DEBUG o.s.s.w.FilterChainProxy - Securing GET /login
26.03.2024 18:46:20.138 [http-nio-8080-exec-1] DEBUG o.s.s.w.FilterChainProxy - Securing GET /login
26.03.2024 18:48:08.696 [SpringApplicationShutdownHook] INFO  o.s.o.j.LocalContainerEntityManagerFactoryBean - Closing JPA EntityManagerFactory for persistence unit 'default'
26.03.2024 18:48:08.701 [SpringApplicationShutdownHook] INFO  c.z.h.HikariDataSource - HikariPool-1 - Shutdown initiated...
26.03.2024 18:48:08.713 [SpringApplicationShutdownHook] INFO  c.z.h.HikariDataSource - HikariPool-1 - Shutdown completed.
26.03.2024 19:04:08.798 [restartedMain] INFO  c.v.a.AirTicketsAppApplication - Starting AirTicketsAppApplication using Java 20.0.1 with PID 23176 (C:\Users\vahne\Desktop\Project\AirTicketsApp\target\classes started by Ruslan in C:\Users\vahne\Desktop\Project\AirTicketsApp)
26.03.2024 19:04:08.799 [restartedMain] INFO  c.v.a.AirTicketsAppApplication - No active profile set, falling back to 1 default profile: "default"
26.03.2024 19:04:08.861 [restartedMain] INFO  o.s.b.d.e.DevToolsPropertyDefaultsPostProcessor - Devtools property defaults active! Set 'spring.devtools.add-properties' to 'false' to disable
26.03.2024 19:04:08.861 [restartedMain] INFO  o.s.b.d.e.DevToolsPropertyDefaultsPostProcessor - For additional web related logging consider setting the 'logging.level.web' property to 'DEBUG'
26.03.2024 19:04:10.006 [restartedMain] INFO  o.s.d.r.c.RepositoryConfigurationDelegate - Multiple Spring Data modules found, entering strict repository configuration mode
26.03.2024 19:04:10.008 [restartedMain] INFO  o.s.d.r.c.RepositoryConfigurationDelegate - Bootstrapping Spring Data JPA repositories in DEFAULT mode.
26.03.2024 19:04:10.110 [restartedMain] INFO  o.s.d.r.c.RepositoryConfigurationDelegate - Finished Spring Data repository scanning in 94 ms. Found 5 JPA repository interfaces.
26.03.2024 19:04:10.126 [restartedMain] INFO  o.s.d.r.c.RepositoryConfigurationDelegate - Multiple Spring Data modules found, entering strict repository configuration mode
26.03.2024 19:04:10.128 [restartedMain] INFO  o.s.d.r.c.RepositoryConfigurationDelegate - Bootstrapping Spring Data Redis repositories in DEFAULT mode.
26.03.2024 19:04:10.146 [restartedMain] INFO  o.s.d.r.c.RepositoryConfigurationExtensionSupport - Spring Data Redis - Could not safely identify store assignment for repository candidate interface com.vahner.airticketsapp.repository.AccountRepository; If you want this repository to be a Redis repository, consider annotating your entities with one of these annotations: org.springframework.data.redis.core.RedisHash (preferred), or consider extending one of the following types with your repository: org.springframework.data.keyvalue.repository.KeyValueRepository
26.03.2024 19:04:10.147 [restartedMain] INFO  o.s.d.r.c.RepositoryConfigurationExtensionSupport - Spring Data Redis - Could not safely identify store assignment for repository candidate interface com.vahner.airticketsapp.repository.CartRepository; If you want this repository to be a Redis repository, consider annotating your entities with one of these annotations: org.springframework.data.redis.core.RedisHash (preferred), or consider extending one of the following types with your repository: org.springframework.data.keyvalue.repository.KeyValueRepository
26.03.2024 19:04:10.147 [restartedMain] INFO  o.s.d.r.c.RepositoryConfigurationExtensionSupport - Spring Data Redis - Could not safely identify store assignment for repository candidate interface com.vahner.airticketsapp.repository.FlightRepository; If you want this repository to be a Redis repository, consider annotating your entities with one of these annotations: org.springframework.data.redis.core.RedisHash (preferred), or consider extending one of the following types with your repository: org.springframework.data.keyvalue.repository.KeyValueRepository
26.03.2024 19:04:10.147 [restartedMain] INFO  o.s.d.r.c.RepositoryConfigurationExtensionSupport - Spring Data Redis - Could not safely identify store assignment for repository candidate interface com.vahner.airticketsapp.repository.PassengerRepository; If you want this repository to be a Redis repository, consider annotating your entities with one of these annotations: org.springframework.data.redis.core.RedisHash (preferred), or consider extending one of the following types with your repository: org.springframework.data.keyvalue.repository.KeyValueRepository
26.03.2024 19:04:10.147 [restartedMain] INFO  o.s.d.r.c.RepositoryConfigurationExtensionSupport - Spring Data Redis - Could not safely identify store assignment for repository candidate interface com.vahner.airticketsapp.repository.TicketRepository; If you want this repository to be a Redis repository, consider annotating your entities with one of these annotations: org.springframework.data.redis.core.RedisHash (preferred), or consider extending one of the following types with your repository: org.springframework.data.keyvalue.repository.KeyValueRepository
26.03.2024 19:04:10.148 [restartedMain] INFO  o.s.d.r.c.RepositoryConfigurationDelegate - Finished Spring Data repository scanning in 9 ms. Found 0 Redis repository interfaces.
26.03.2024 19:04:11.204 [restartedMain] INFO  o.s.b.w.e.t.TomcatWebServer - Tomcat initialized with port 8080 (http)
26.03.2024 19:04:11.217 [restartedMain] INFO  o.a.c.c.StandardService - Starting service [Tomcat]
26.03.2024 19:04:11.218 [restartedMain] INFO  o.a.c.c.StandardEngine - Starting Servlet engine: [Apache Tomcat/10.1.18]
26.03.2024 19:04:11.282 [restartedMain] INFO  o.a.c.c.C.[.[.[/] - Initializing Spring embedded WebApplicationContext
26.03.2024 19:04:11.282 [restartedMain] INFO  o.s.b.w.s.c.ServletWebServerApplicationContext - Root WebApplicationContext: initialization completed in 2420 ms
26.03.2024 19:04:11.348 [restartedMain] INFO  c.z.h.HikariDataSource - HikariPool-1 - Starting...
26.03.2024 19:04:11.697 [restartedMain] INFO  c.z.h.p.HikariPool - HikariPool-1 - Added connection com.mysql.cj.jdbc.ConnectionImpl@17abe286
26.03.2024 19:04:11.700 [restartedMain] INFO  c.z.h.HikariDataSource - HikariPool-1 - Start completed.
26.03.2024 19:04:11.709 [restartedMain] INFO  o.s.b.a.h.H2ConsoleAutoConfiguration - H2 console available at '/h2-console'. Database available at 'jdbc:mysql://localhost:3306/airticket'
26.03.2024 19:04:12.652 [restartedMain] INFO  liquibase.changelog - Reading from airticket.databasechangelog
26.03.2024 19:04:12.722 [restartedMain] INFO  liquibase.ui - Database is up to date, no changesets to execute
26.03.2024 19:04:12.726 [restartedMain] INFO  liquibase.changelog - Reading from airticket.databasechangelog
26.03.2024 19:04:12.738 [restartedMain] INFO  liquibase.util - UPDATE SUMMARY
26.03.2024 19:04:12.738 [restartedMain] INFO  liquibase.util - Run:                          0
26.03.2024 19:04:12.738 [restartedMain] INFO  liquibase.util - Previously run:              13
26.03.2024 19:04:12.738 [restartedMain] INFO  liquibase.util - Filtered out:                 0
26.03.2024 19:04:12.739 [restartedMain] INFO  liquibase.util - -------------------------------
26.03.2024 19:04:12.739 [restartedMain] INFO  liquibase.util - Total change sets:           13
26.03.2024 19:04:12.739 [restartedMain] INFO  liquibase.util - Update summary generated
26.03.2024 19:04:12.764 [restartedMain] INFO  l.lockservice - Successfully released change log lock
26.03.2024 19:04:12.767 [restartedMain] INFO  liquibase.command - Command execution complete
26.03.2024 19:04:12.896 [restartedMain] INFO  o.h.j.i.u.LogHelper - HHH000204: Processing PersistenceUnitInfo [name: default]
26.03.2024 19:04:12.964 [restartedMain] INFO  o.hibernate.Version - HHH000412: Hibernate ORM core version 6.4.1.Final
26.03.2024 19:04:13.005 [restartedMain] INFO  o.h.c.i.RegionFactoryInitiator - HHH000026: Second-level cache disabled
26.03.2024 19:04:13.248 [restartedMain] INFO  o.s.o.j.p.SpringPersistenceUnitInfo - No LoadTimeWeaver setup: ignoring JPA class transformer
26.03.2024 19:04:13.295 [restartedMain] WARN  o.h.orm.deprecation - HHH90000025: MySQL8Dialect does not need to be specified explicitly using 'hibernate.dialect' (remove the property setting and it will be selected by default)
26.03.2024 19:04:13.296 [restartedMain] WARN  o.h.orm.deprecation - HHH90000026: MySQL8Dialect has been deprecated; use org.hibernate.dialect.MySQLDialect instead
26.03.2024 19:04:14.397 [restartedMain] INFO  o.h.e.t.j.p.i.JtaPlatformInitiator - HHH000489: No JTA platform available (set 'hibernate.transaction.jta.platform' to enable JTA platform integration)
26.03.2024 19:04:14.401 [restartedMain] INFO  o.s.o.j.LocalContainerEntityManagerFactoryBean - Initialized JPA EntityManagerFactory for persistence unit 'default'
26.03.2024 19:04:16.060 [restartedMain] WARN  o.s.b.a.o.j.JpaBaseConfiguration$JpaWebConfiguration - spring.jpa.open-in-view is enabled by default. Therefore, database queries may be performed during view rendering. Explicitly configure spring.jpa.open-in-view to disable this warning
26.03.2024 19:04:17.258 [restartedMain] WARN  o.s.b.a.t.ThymeleafAutoConfiguration$DefaultTemplateResolverConfiguration - Cannot find template location: classpath:/templates/ (please add some templates, check your Thymeleaf configuration, or set spring.thymeleaf.check-template-location=false)
26.03.2024 19:04:17.863 [restartedMain] WARN  o.s.b.a.s.s.UserDetailsServiceAutoConfiguration - 

Using generated security password: 2984bf42-5ab1-4408-98ef-49a3bb165ae0

This generated password is for development use only. Your security configuration must be updated before running your application in production.

26.03.2024 19:04:18.109 [restartedMain] INFO  o.s.s.w.DefaultSecurityFilterChain - Will secure any request with [org.springframework.security.web.session.DisableEncodeUrlFilter@76039c19, org.springframework.security.web.context.request.async.WebAsyncManagerIntegrationFilter@2f88dec5, org.springframework.security.web.context.SecurityContextHolderFilter@78b5c764, org.springframework.security.web.header.HeaderWriterFilter@3c0b2919, org.springframework.web.filter.CorsFilter@65cddb68, org.springframework.security.web.csrf.CsrfFilter@aceb41f, org.springframework.security.web.authentication.logout.LogoutFilter@7fcc8677, org.springframework.security.web.authentication.UsernamePasswordAuthenticationFilter@5217be19, org.springframework.security.web.authentication.ui.DefaultLoginPageGeneratingFilter@359ec9da, org.springframework.security.web.authentication.ui.DefaultLogoutPageGeneratingFilter@6f28c94a, org.springframework.security.web.authentication.www.BasicAuthenticationFilter@46b187c3, org.springframework.security.web.savedrequest.RequestCacheAwareFilter@35ef18e0, org.springframework.security.web.servletapi.SecurityContextHolderAwareRequestFilter@3ddee4a2, org.springframework.security.web.authentication.AnonymousAuthenticationFilter@52163e2, org.springframework.security.web.access.ExceptionTranslationFilter@4894d9dc, org.springframework.security.web.access.intercept.AuthorizationFilter@34993ffc]
26.03.2024 19:04:18.238 [restartedMain] INFO  o.s.b.d.a.OptionalLiveReloadServer - LiveReload server is running on port 35729
26.03.2024 19:04:18.294 [restartedMain] INFO  o.s.b.w.e.t.TomcatWebServer - Tomcat started on port 8080 (http) with context path ''
26.03.2024 19:04:18.305 [restartedMain] INFO  c.v.a.AirTicketsAppApplication - Started AirTicketsAppApplication in 10.161 seconds (process running for 11.391)
26.03.2024 19:04:58.491 [http-nio-8080-exec-1] INFO  o.a.c.c.C.[.[.[/] - Initializing Spring DispatcherServlet 'dispatcherServlet'
26.03.2024 19:04:58.491 [http-nio-8080-exec-1] INFO  o.s.w.s.DispatcherServlet - Initializing Servlet 'dispatcherServlet'
26.03.2024 19:04:58.492 [http-nio-8080-exec-1] INFO  o.s.w.s.DispatcherServlet - Completed initialization in 1 ms
26.03.2024 19:04:58.512 [http-nio-8080-exec-1] DEBUG o.s.s.w.FilterChainProxy - Securing GET /login?error
26.03.2024 19:04:58.556 [http-nio-8080-exec-2] DEBUG o.s.s.w.FilterChainProxy - Securing GET /favicon.ico
26.03.2024 19:04:58.560 [http-nio-8080-exec-2] DEBUG o.s.s.w.a.AnonymousAuthenticationFilter - Set SecurityContextHolder to anonymous SecurityContext
26.03.2024 19:04:58.563 [http-nio-8080-exec-2] DEBUG o.s.s.w.a.DelegatingAuthenticationEntryPoint - Trying to match using And [Not [RequestHeaderRequestMatcher [expectedHeaderName=X-Requested-With, expectedHeaderValue=XMLHttpRequest]], MediaTypeRequestMatcher [contentNegotiationStrategy=org.springframework.web.accept.ContentNegotiationManager@39b6b8c1, matchingMediaTypes=[application/xhtml+xml, image/*, text/html, text/plain], useEquals=false, ignoredMediaTypes=[*/*]]]
26.03.2024 19:04:58.564 [http-nio-8080-exec-2] DEBUG o.s.s.w.a.DelegatingAuthenticationEntryPoint - Match found! Executing org.springframework.security.web.authentication.LoginUrlAuthenticationEntryPoint@3cb73b05
26.03.2024 19:04:58.565 [http-nio-8080-exec-2] DEBUG o.s.s.w.DefaultRedirectStrategy - Redirecting to http://localhost:8080/login
26.03.2024 19:04:58.572 [http-nio-8080-exec-3] DEBUG o.s.s.w.FilterChainProxy - Securing GET /login
26.03.2024 19:07:08.269 [SpringApplicationShutdownHook] INFO  o.s.o.j.LocalContainerEntityManagerFactoryBean - Closing JPA EntityManagerFactory for persistence unit 'default'
26.03.2024 19:07:08.274 [SpringApplicationShutdownHook] INFO  c.z.h.HikariDataSource - HikariPool-1 - Shutdown initiated...
26.03.2024 19:07:08.285 [SpringApplicationShutdownHook] INFO  c.z.h.HikariDataSource - HikariPool-1 - Shutdown completed.
26.03.2024 19:12:34.407 [restartedMain] INFO  c.v.a.AirTicketsAppApplication - Starting AirTicketsAppApplication using Java 20.0.1 with PID 37272 (C:\Users\vahne\Desktop\Project\AirTicketsApp\target\classes started by Ruslan in C:\Users\vahne\Desktop\Project\AirTicketsApp)
26.03.2024 19:12:34.410 [restartedMain] INFO  c.v.a.AirTicketsAppApplication - No active profile set, falling back to 1 default profile: "default"
26.03.2024 19:12:34.471 [restartedMain] INFO  o.s.b.d.e.DevToolsPropertyDefaultsPostProcessor - Devtools property defaults active! Set 'spring.devtools.add-properties' to 'false' to disable
26.03.2024 19:12:34.471 [restartedMain] INFO  o.s.b.d.e.DevToolsPropertyDefaultsPostProcessor - For additional web related logging consider setting the 'logging.level.web' property to 'DEBUG'
26.03.2024 19:12:35.742 [restartedMain] INFO  o.s.d.r.c.RepositoryConfigurationDelegate - Multiple Spring Data modules found, entering strict repository configuration mode
26.03.2024 19:12:35.744 [restartedMain] INFO  o.s.d.r.c.RepositoryConfigurationDelegate - Bootstrapping Spring Data JPA repositories in DEFAULT mode.
26.03.2024 19:12:35.836 [restartedMain] INFO  o.s.d.r.c.RepositoryConfigurationDelegate - Finished Spring Data repository scanning in 85 ms. Found 5 JPA repository interfaces.
26.03.2024 19:12:35.850 [restartedMain] INFO  o.s.d.r.c.RepositoryConfigurationDelegate - Multiple Spring Data modules found, entering strict repository configuration mode
26.03.2024 19:12:35.851 [restartedMain] INFO  o.s.d.r.c.RepositoryConfigurationDelegate - Bootstrapping Spring Data Redis repositories in DEFAULT mode.
26.03.2024 19:12:35.869 [restartedMain] INFO  o.s.d.r.c.RepositoryConfigurationExtensionSupport - Spring Data Redis - Could not safely identify store assignment for repository candidate interface com.vahner.airticketsapp.repository.AccountRepository; If you want this repository to be a Redis repository, consider annotating your entities with one of these annotations: org.springframework.data.redis.core.RedisHash (preferred), or consider extending one of the following types with your repository: org.springframework.data.keyvalue.repository.KeyValueRepository
26.03.2024 19:12:35.869 [restartedMain] INFO  o.s.d.r.c.RepositoryConfigurationExtensionSupport - Spring Data Redis - Could not safely identify store assignment for repository candidate interface com.vahner.airticketsapp.repository.CartRepository; If you want this repository to be a Redis repository, consider annotating your entities with one of these annotations: org.springframework.data.redis.core.RedisHash (preferred), or consider extending one of the following types with your repository: org.springframework.data.keyvalue.repository.KeyValueRepository
26.03.2024 19:12:35.870 [restartedMain] INFO  o.s.d.r.c.RepositoryConfigurationExtensionSupport - Spring Data Redis - Could not safely identify store assignment for repository candidate interface com.vahner.airticketsapp.repository.FlightRepository; If you want this repository to be a Redis repository, consider annotating your entities with one of these annotations: org.springframework.data.redis.core.RedisHash (preferred), or consider extending one of the following types with your repository: org.springframework.data.keyvalue.repository.KeyValueRepository
26.03.2024 19:12:35.870 [restartedMain] INFO  o.s.d.r.c.RepositoryConfigurationExtensionSupport - Spring Data Redis - Could not safely identify store assignment for repository candidate interface com.vahner.airticketsapp.repository.PassengerRepository; If you want this repository to be a Redis repository, consider annotating your entities with one of these annotations: org.springframework.data.redis.core.RedisHash (preferred), or consider extending one of the following types with your repository: org.springframework.data.keyvalue.repository.KeyValueRepository
26.03.2024 19:12:35.870 [restartedMain] INFO  o.s.d.r.c.RepositoryConfigurationExtensionSupport - Spring Data Redis - Could not safely identify store assignment for repository candidate interface com.vahner.airticketsapp.repository.TicketRepository; If you want this repository to be a Redis repository, consider annotating your entities with one of these annotations: org.springframework.data.redis.core.RedisHash (preferred), or consider extending one of the following types with your repository: org.springframework.data.keyvalue.repository.KeyValueRepository
26.03.2024 19:12:35.870 [restartedMain] INFO  o.s.d.r.c.RepositoryConfigurationDelegate - Finished Spring Data repository scanning in 9 ms. Found 0 Redis repository interfaces.
26.03.2024 19:12:36.926 [restartedMain] INFO  o.s.b.w.e.t.TomcatWebServer - Tomcat initialized with port 8080 (http)
26.03.2024 19:12:36.938 [restartedMain] INFO  o.a.c.c.StandardService - Starting service [Tomcat]
26.03.2024 19:12:36.939 [restartedMain] INFO  o.a.c.c.StandardEngine - Starting Servlet engine: [Apache Tomcat/10.1.18]
26.03.2024 19:12:37.002 [restartedMain] INFO  o.a.c.c.C.[.[.[/] - Initializing Spring embedded WebApplicationContext
26.03.2024 19:12:37.002 [restartedMain] INFO  o.s.b.w.s.c.ServletWebServerApplicationContext - Root WebApplicationContext: initialization completed in 2530 ms
26.03.2024 19:12:37.065 [restartedMain] INFO  c.z.h.HikariDataSource - HikariPool-1 - Starting...
26.03.2024 19:12:37.397 [restartedMain] INFO  c.z.h.p.HikariPool - HikariPool-1 - Added connection com.mysql.cj.jdbc.ConnectionImpl@15a6d2f8
26.03.2024 19:12:37.398 [restartedMain] INFO  c.z.h.HikariDataSource - HikariPool-1 - Start completed.
26.03.2024 19:12:37.409 [restartedMain] INFO  o.s.b.a.h.H2ConsoleAutoConfiguration - H2 console available at '/h2-console'. Database available at 'jdbc:mysql://localhost:3306/airticket'
26.03.2024 19:12:38.344 [restartedMain] INFO  liquibase.changelog - Reading from airticket.databasechangelog
26.03.2024 19:12:38.412 [restartedMain] INFO  liquibase.ui - Database is up to date, no changesets to execute
26.03.2024 19:12:38.417 [restartedMain] INFO  liquibase.changelog - Reading from airticket.databasechangelog
26.03.2024 19:12:38.428 [restartedMain] INFO  liquibase.util - UPDATE SUMMARY
26.03.2024 19:12:38.429 [restartedMain] INFO  liquibase.util - Run:                          0
26.03.2024 19:12:38.429 [restartedMain] INFO  liquibase.util - Previously run:              13
26.03.2024 19:12:38.429 [restartedMain] INFO  liquibase.util - Filtered out:                 0
26.03.2024 19:12:38.429 [restartedMain] INFO  liquibase.util - -------------------------------
26.03.2024 19:12:38.429 [restartedMain] INFO  liquibase.util - Total change sets:           13
26.03.2024 19:12:38.429 [restartedMain] INFO  liquibase.util - Update summary generated
26.03.2024 19:12:38.453 [restartedMain] INFO  l.lockservice - Successfully released change log lock
26.03.2024 19:12:38.455 [restartedMain] INFO  liquibase.command - Command execution complete
26.03.2024 19:12:38.579 [restartedMain] INFO  o.h.j.i.u.LogHelper - HHH000204: Processing PersistenceUnitInfo [name: default]
26.03.2024 19:12:38.640 [restartedMain] INFO  o.hibernate.Version - HHH000412: Hibernate ORM core version 6.4.1.Final
26.03.2024 19:12:38.676 [restartedMain] INFO  o.h.c.i.RegionFactoryInitiator - HHH000026: Second-level cache disabled
26.03.2024 19:12:38.943 [restartedMain] INFO  o.s.o.j.p.SpringPersistenceUnitInfo - No LoadTimeWeaver setup: ignoring JPA class transformer
26.03.2024 19:12:38.989 [restartedMain] WARN  o.h.orm.deprecation - HHH90000025: MySQLDialect does not need to be specified explicitly using 'hibernate.dialect' (remove the property setting and it will be selected by default)
26.03.2024 19:12:40.049 [restartedMain] INFO  o.h.e.t.j.p.i.JtaPlatformInitiator - HHH000489: No JTA platform available (set 'hibernate.transaction.jta.platform' to enable JTA platform integration)
26.03.2024 19:12:40.052 [restartedMain] INFO  o.s.o.j.LocalContainerEntityManagerFactoryBean - Initialized JPA EntityManagerFactory for persistence unit 'default'
26.03.2024 19:12:41.666 [restartedMain] WARN  o.s.b.a.o.j.JpaBaseConfiguration$JpaWebConfiguration - spring.jpa.open-in-view is enabled by default. Therefore, database queries may be performed during view rendering. Explicitly configure spring.jpa.open-in-view to disable this warning
26.03.2024 19:12:42.855 [restartedMain] WARN  o.s.b.a.t.ThymeleafAutoConfiguration$DefaultTemplateResolverConfiguration - Cannot find template location: classpath:/templates/ (please add some templates, check your Thymeleaf configuration, or set spring.thymeleaf.check-template-location=false)
26.03.2024 19:12:43.470 [restartedMain] WARN  o.s.b.a.s.s.UserDetailsServiceAutoConfiguration - 

Using generated security password: 630c2fd0-3743-4e4c-a73f-f8e9a1a3657a

This generated password is for development use only. Your security configuration must be updated before running your application in production.

26.03.2024 19:12:43.698 [restartedMain] INFO  o.s.s.w.DefaultSecurityFilterChain - Will secure any request with [org.springframework.security.web.session.DisableEncodeUrlFilter@7e603086, org.springframework.security.web.context.request.async.WebAsyncManagerIntegrationFilter@22aefd59, org.springframework.security.web.context.SecurityContextHolderFilter@1842071, org.springframework.security.web.header.HeaderWriterFilter@2e202dd6, org.springframework.web.filter.CorsFilter@3c0b2919, org.springframework.security.web.csrf.CsrfFilter@2f65fcc0, org.springframework.security.web.authentication.logout.LogoutFilter@73750783, org.springframework.security.web.authentication.UsernamePasswordAuthenticationFilter@73dc2d0b, org.springframework.security.web.authentication.ui.DefaultLoginPageGeneratingFilter@396b88ea, org.springframework.security.web.authentication.ui.DefaultLogoutPageGeneratingFilter@523f5d7d, org.springframework.security.web.authentication.www.BasicAuthenticationFilter@3ee41bfe, org.springframework.security.web.savedrequest.RequestCacheAwareFilter@2073a6b2, org.springframework.security.web.servletapi.SecurityContextHolderAwareRequestFilter@3cb73b05, org.springframework.security.web.authentication.AnonymousAuthenticationFilter@2da4a3bc, org.springframework.security.web.access.ExceptionTranslationFilter@6fb4408e, org.springframework.security.web.access.intercept.AuthorizationFilter@387d321c]
26.03.2024 19:12:43.829 [restartedMain] INFO  o.s.b.d.a.OptionalLiveReloadServer - LiveReload server is running on port 35729
26.03.2024 19:12:43.887 [restartedMain] INFO  o.s.b.w.e.t.TomcatWebServer - Tomcat started on port 8080 (http) with context path ''
26.03.2024 19:12:43.897 [restartedMain] INFO  c.v.a.AirTicketsAppApplication - Started AirTicketsAppApplication in 10.15 seconds (process running for 11.485)
26.03.2024 19:14:58.779 [SpringApplicationShutdownHook] INFO  o.s.o.j.LocalContainerEntityManagerFactoryBean - Closing JPA EntityManagerFactory for persistence unit 'default'
26.03.2024 19:14:58.784 [SpringApplicationShutdownHook] INFO  c.z.h.HikariDataSource - HikariPool-1 - Shutdown initiated...
26.03.2024 19:14:58.799 [SpringApplicationShutdownHook] INFO  c.z.h.HikariDataSource - HikariPool-1 - Shutdown completed.
26.03.2024 19:39:03.938 [restartedMain] INFO  c.v.a.AirTicketsAppApplication - Starting AirTicketsAppApplication using Java 20.0.1 with PID 40924 (C:\Users\vahne\Desktop\Project\AirTicketsApp\target\classes started by Ruslan in C:\Users\vahne\Desktop\Project\AirTicketsApp)
26.03.2024 19:39:03.940 [restartedMain] INFO  c.v.a.AirTicketsAppApplication - No active profile set, falling back to 1 default profile: "default"
26.03.2024 19:39:04.006 [restartedMain] INFO  o.s.b.d.e.DevToolsPropertyDefaultsPostProcessor - Devtools property defaults active! Set 'spring.devtools.add-properties' to 'false' to disable
26.03.2024 19:39:04.006 [restartedMain] INFO  o.s.b.d.e.DevToolsPropertyDefaultsPostProcessor - For additional web related logging consider setting the 'logging.level.web' property to 'DEBUG'
26.03.2024 19:39:05.296 [restartedMain] INFO  o.s.d.r.c.RepositoryConfigurationDelegate - Multiple Spring Data modules found, entering strict repository configuration mode
26.03.2024 19:39:05.298 [restartedMain] INFO  o.s.d.r.c.RepositoryConfigurationDelegate - Bootstrapping Spring Data JPA repositories in DEFAULT mode.
26.03.2024 19:39:05.490 [restartedMain] INFO  o.s.d.r.c.RepositoryConfigurationDelegate - Finished Spring Data repository scanning in 185 ms. Found 5 JPA repository interfaces.
26.03.2024 19:39:05.513 [restartedMain] INFO  o.s.d.r.c.RepositoryConfigurationDelegate - Multiple Spring Data modules found, entering strict repository configuration mode
26.03.2024 19:39:05.515 [restartedMain] INFO  o.s.d.r.c.RepositoryConfigurationDelegate - Bootstrapping Spring Data Redis repositories in DEFAULT mode.
26.03.2024 19:39:05.534 [restartedMain] INFO  o.s.d.r.c.RepositoryConfigurationExtensionSupport - Spring Data Redis - Could not safely identify store assignment for repository candidate interface com.vahner.airticketsapp.repository.AccountRepository; If you want this repository to be a Redis repository, consider annotating your entities with one of these annotations: org.springframework.data.redis.core.RedisHash (preferred), or consider extending one of the following types with your repository: org.springframework.data.keyvalue.repository.KeyValueRepository
26.03.2024 19:39:05.534 [restartedMain] INFO  o.s.d.r.c.RepositoryConfigurationExtensionSupport - Spring Data Redis - Could not safely identify store assignment for repository candidate interface com.vahner.airticketsapp.repository.CartRepository; If you want this repository to be a Redis repository, consider annotating your entities with one of these annotations: org.springframework.data.redis.core.RedisHash (preferred), or consider extending one of the following types with your repository: org.springframework.data.keyvalue.repository.KeyValueRepository
26.03.2024 19:39:05.535 [restartedMain] INFO  o.s.d.r.c.RepositoryConfigurationExtensionSupport - Spring Data Redis - Could not safely identify store assignment for repository candidate interface com.vahner.airticketsapp.repository.FlightRepository; If you want this repository to be a Redis repository, consider annotating your entities with one of these annotations: org.springframework.data.redis.core.RedisHash (preferred), or consider extending one of the following types with your repository: org.springframework.data.keyvalue.repository.KeyValueRepository
26.03.2024 19:39:05.535 [restartedMain] INFO  o.s.d.r.c.RepositoryConfigurationExtensionSupport - Spring Data Redis - Could not safely identify store assignment for repository candidate interface com.vahner.airticketsapp.repository.PassengerRepository; If you want this repository to be a Redis repository, consider annotating your entities with one of these annotations: org.springframework.data.redis.core.RedisHash (preferred), or consider extending one of the following types with your repository: org.springframework.data.keyvalue.repository.KeyValueRepository
26.03.2024 19:39:05.535 [restartedMain] INFO  o.s.d.r.c.RepositoryConfigurationExtensionSupport - Spring Data Redis - Could not safely identify store assignment for repository candidate interface com.vahner.airticketsapp.repository.TicketRepository; If you want this repository to be a Redis repository, consider annotating your entities with one of these annotations: org.springframework.data.redis.core.RedisHash (preferred), or consider extending one of the following types with your repository: org.springframework.data.keyvalue.repository.KeyValueRepository
26.03.2024 19:39:05.535 [restartedMain] INFO  o.s.d.r.c.RepositoryConfigurationDelegate - Finished Spring Data repository scanning in 10 ms. Found 0 Redis repository interfaces.
26.03.2024 19:39:06.828 [restartedMain] INFO  o.s.b.w.e.t.TomcatWebServer - Tomcat initialized with port 8080 (http)
26.03.2024 19:39:06.844 [restartedMain] INFO  o.a.c.c.StandardService - Starting service [Tomcat]
26.03.2024 19:39:06.844 [restartedMain] INFO  o.a.c.c.StandardEngine - Starting Servlet engine: [Apache Tomcat/10.1.19]
26.03.2024 19:39:06.931 [restartedMain] INFO  o.a.c.c.C.[.[.[/] - Initializing Spring embedded WebApplicationContext
26.03.2024 19:39:06.931 [restartedMain] INFO  o.s.b.w.s.c.ServletWebServerApplicationContext - Root WebApplicationContext: initialization completed in 2924 ms
26.03.2024 19:39:07.010 [restartedMain] INFO  c.z.h.HikariDataSource - HikariPool-1 - Starting...
26.03.2024 19:39:07.354 [restartedMain] INFO  c.z.h.p.HikariPool - HikariPool-1 - Added connection com.mysql.cj.jdbc.ConnectionImpl@13e76376
26.03.2024 19:39:07.356 [restartedMain] INFO  c.z.h.HikariDataSource - HikariPool-1 - Start completed.
26.03.2024 19:39:07.364 [restartedMain] INFO  o.s.b.a.h.H2ConsoleAutoConfiguration - H2 console available at '/h2-console'. Database available at 'jdbc:mysql://localhost:3306/airticket'
26.03.2024 19:39:08.358 [restartedMain] INFO  liquibase.changelog - Reading from airticket.databasechangelog
26.03.2024 19:39:08.429 [restartedMain] INFO  liquibase.ui - Database is up to date, no changesets to execute
26.03.2024 19:39:08.434 [restartedMain] INFO  liquibase.changelog - Reading from airticket.databasechangelog
26.03.2024 19:39:08.444 [restartedMain] INFO  liquibase.util - UPDATE SUMMARY
26.03.2024 19:39:08.444 [restartedMain] INFO  liquibase.util - Run:                          0
26.03.2024 19:39:08.444 [restartedMain] INFO  liquibase.util - Previously run:              13
26.03.2024 19:39:08.444 [restartedMain] INFO  liquibase.util - Filtered out:                 0
26.03.2024 19:39:08.445 [restartedMain] INFO  liquibase.util - -------------------------------
26.03.2024 19:39:08.445 [restartedMain] INFO  liquibase.util - Total change sets:           13
26.03.2024 19:39:08.446 [restartedMain] INFO  liquibase.util - Update summary generated
26.03.2024 19:39:08.469 [restartedMain] INFO  l.lockservice - Successfully released change log lock
26.03.2024 19:39:08.471 [restartedMain] INFO  liquibase.command - Command execution complete
26.03.2024 19:39:08.637 [restartedMain] INFO  o.h.j.i.u.LogHelper - HHH000204: Processing PersistenceUnitInfo [name: default]
26.03.2024 19:39:08.762 [restartedMain] INFO  o.hibernate.Version - HHH000412: Hibernate ORM core version 6.4.4.Final
26.03.2024 19:39:08.824 [restartedMain] INFO  o.h.c.i.RegionFactoryInitiator - HHH000026: Second-level cache disabled
26.03.2024 19:39:09.208 [restartedMain] INFO  o.s.o.j.p.SpringPersistenceUnitInfo - No LoadTimeWeaver setup: ignoring JPA class transformer
26.03.2024 19:39:09.284 [restartedMain] WARN  o.h.orm.deprecation - HHH90000025: MySQLDialect does not need to be specified explicitly using 'hibernate.dialect' (remove the property setting and it will be selected by default)
26.03.2024 19:39:10.669 [restartedMain] INFO  o.h.e.t.j.p.i.JtaPlatformInitiator - HHH000489: No JTA platform available (set 'hibernate.transaction.jta.platform' to enable JTA platform integration)
26.03.2024 19:39:10.672 [restartedMain] INFO  o.s.o.j.LocalContainerEntityManagerFactoryBean - Initialized JPA EntityManagerFactory for persistence unit 'default'
26.03.2024 19:39:12.551 [restartedMain] WARN  o.s.b.a.o.j.JpaBaseConfiguration$JpaWebConfiguration - spring.jpa.open-in-view is enabled by default. Therefore, database queries may be performed during view rendering. Explicitly configure spring.jpa.open-in-view to disable this warning
26.03.2024 19:39:13.795 [restartedMain] WARN  o.s.b.a.t.ThymeleafAutoConfiguration$DefaultTemplateResolverConfiguration - Cannot find template location: classpath:/templates/ (please add some templates, check your Thymeleaf configuration, or set spring.thymeleaf.check-template-location=false)
26.03.2024 19:39:14.416 [restartedMain] WARN  o.s.b.a.s.s.UserDetailsServiceAutoConfiguration - 

Using generated security password: cb9c99fc-0b87-4475-8f5c-32bb0c0fa8a6

This generated password is for development use only. Your security configuration must be updated before running your application in production.

26.03.2024 19:39:14.653 [restartedMain] INFO  o.s.s.w.DefaultSecurityFilterChain - Will secure any request with [org.springframework.security.web.session.DisableEncodeUrlFilter@522ab98d, org.springframework.security.web.context.request.async.WebAsyncManagerIntegrationFilter@52a0e9e9, org.springframework.security.web.context.SecurityContextHolderFilter@2fbe443d, org.springframework.security.web.header.HeaderWriterFilter@52b4dc78, org.springframework.web.filter.CorsFilter@54ecdb02, org.springframework.security.web.csrf.CsrfFilter@b573808, org.springframework.security.web.authentication.logout.LogoutFilter@3f5990b8, org.springframework.security.web.authentication.UsernamePasswordAuthenticationFilter@2a67f2a2, org.springframework.security.web.authentication.ui.DefaultLoginPageGeneratingFilter@321e1077, org.springframework.security.web.authentication.ui.DefaultLogoutPageGeneratingFilter@3131ca34, org.springframework.security.web.authentication.www.BasicAuthenticationFilter@42189a4d, org.springframework.security.web.savedrequest.RequestCacheAwareFilter@60da61a3, org.springframework.security.web.servletapi.SecurityContextHolderAwareRequestFilter@23f289a8, org.springframework.security.web.authentication.AnonymousAuthenticationFilter@36d0eb4e, org.springframework.security.web.access.ExceptionTranslationFilter@641a301c, org.springframework.security.web.access.intercept.AuthorizationFilter@5e28a5ac]
26.03.2024 19:39:14.783 [restartedMain] INFO  o.s.b.d.a.OptionalLiveReloadServer - LiveReload server is running on port 35729
26.03.2024 19:39:14.840 [restartedMain] INFO  o.s.b.w.e.t.TomcatWebServer - Tomcat started on port 8080 (http) with context path ''
26.03.2024 19:39:14.850 [restartedMain] INFO  c.v.a.AirTicketsAppApplication - Started AirTicketsAppApplication in 11.573 seconds (process running for 13.091)
26.03.2024 19:48:14.038 [SpringApplicationShutdownHook] INFO  o.s.o.j.LocalContainerEntityManagerFactoryBean - Closing JPA EntityManagerFactory for persistence unit 'default'
26.03.2024 19:48:14.043 [SpringApplicationShutdownHook] INFO  c.z.h.HikariDataSource - HikariPool-1 - Shutdown initiated...
26.03.2024 19:48:14.058 [SpringApplicationShutdownHook] INFO  c.z.h.HikariDataSource - HikariPool-1 - Shutdown completed.
26.03.2024 20:47:31.633 [restartedMain] INFO  c.v.a.AirTicketsAppApplication - Starting AirTicketsAppApplication using Java 20.0.1 with PID 6820 (C:\Users\vahne\Desktop\Project\AirTicketsApp\target\classes started by Ruslan in C:\Users\vahne\Desktop\Project\AirTicketsApp)
26.03.2024 20:47:31.636 [restartedMain] INFO  c.v.a.AirTicketsAppApplication - No active profile set, falling back to 1 default profile: "default"
26.03.2024 20:47:31.697 [restartedMain] INFO  o.s.b.d.e.DevToolsPropertyDefaultsPostProcessor - Devtools property defaults active! Set 'spring.devtools.add-properties' to 'false' to disable
26.03.2024 20:47:31.697 [restartedMain] INFO  o.s.b.d.e.DevToolsPropertyDefaultsPostProcessor - For additional web related logging consider setting the 'logging.level.web' property to 'DEBUG'
26.03.2024 20:47:32.580 [restartedMain] INFO  o.s.d.r.c.RepositoryConfigurationDelegate - Multiple Spring Data modules found, entering strict repository configuration mode
26.03.2024 20:47:32.581 [restartedMain] INFO  o.s.d.r.c.RepositoryConfigurationDelegate - Bootstrapping Spring Data Redis repositories in DEFAULT mode.
26.03.2024 20:47:32.602 [restartedMain] INFO  o.s.d.r.c.RepositoryConfigurationDelegate - Finished Spring Data repository scanning in 5 ms. Found 0 Redis repository interfaces.
26.03.2024 20:47:32.924 [restartedMain] INFO  o.s.d.r.c.RepositoryConfigurationDelegate - Multiple Spring Data modules found, entering strict repository configuration mode
26.03.2024 20:47:32.925 [restartedMain] INFO  o.s.d.r.c.RepositoryConfigurationDelegate - Bootstrapping Spring Data JPA repositories in DEFAULT mode.
26.03.2024 20:47:33.099 [restartedMain] INFO  o.s.d.r.c.RepositoryConfigurationDelegate - Finished Spring Data repository scanning in 171 ms. Found 5 JPA repository interfaces.
26.03.2024 20:47:33.110 [restartedMain] INFO  o.s.d.r.c.RepositoryConfigurationDelegate - Multiple Spring Data modules found, entering strict repository configuration mode
26.03.2024 20:47:33.111 [restartedMain] INFO  o.s.d.r.c.RepositoryConfigurationDelegate - Bootstrapping Spring Data Redis repositories in DEFAULT mode.
26.03.2024 20:47:33.119 [restartedMain] INFO  o.s.d.r.c.RepositoryConfigurationExtensionSupport - Spring Data Redis - Could not safely identify store assignment for repository candidate interface com.vahner.airticketsapp.repository.AccountRepository; If you want this repository to be a Redis repository, consider annotating your entities with one of these annotations: org.springframework.data.redis.core.RedisHash (preferred), or consider extending one of the following types with your repository: org.springframework.data.keyvalue.repository.KeyValueRepository
26.03.2024 20:47:33.120 [restartedMain] INFO  o.s.d.r.c.RepositoryConfigurationExtensionSupport - Spring Data Redis - Could not safely identify store assignment for repository candidate interface com.vahner.airticketsapp.repository.CartRepository; If you want this repository to be a Redis repository, consider annotating your entities with one of these annotations: org.springframework.data.redis.core.RedisHash (preferred), or consider extending one of the following types with your repository: org.springframework.data.keyvalue.repository.KeyValueRepository
26.03.2024 20:47:33.120 [restartedMain] INFO  o.s.d.r.c.RepositoryConfigurationExtensionSupport - Spring Data Redis - Could not safely identify store assignment for repository candidate interface com.vahner.airticketsapp.repository.FlightRepository; If you want this repository to be a Redis repository, consider annotating your entities with one of these annotations: org.springframework.data.redis.core.RedisHash (preferred), or consider extending one of the following types with your repository: org.springframework.data.keyvalue.repository.KeyValueRepository
26.03.2024 20:47:33.120 [restartedMain] INFO  o.s.d.r.c.RepositoryConfigurationExtensionSupport - Spring Data Redis - Could not safely identify store assignment for repository candidate interface com.vahner.airticketsapp.repository.PassengerRepository; If you want this repository to be a Redis repository, consider annotating your entities with one of these annotations: org.springframework.data.redis.core.RedisHash (preferred), or consider extending one of the following types with your repository: org.springframework.data.keyvalue.repository.KeyValueRepository
26.03.2024 20:47:33.121 [restartedMain] INFO  o.s.d.r.c.RepositoryConfigurationExtensionSupport - Spring Data Redis - Could not safely identify store assignment for repository candidate interface com.vahner.airticketsapp.repository.TicketRepository; If you want this repository to be a Redis repository, consider annotating your entities with one of these annotations: org.springframework.data.redis.core.RedisHash (preferred), or consider extending one of the following types with your repository: org.springframework.data.keyvalue.repository.KeyValueRepository
26.03.2024 20:47:33.121 [restartedMain] INFO  o.s.d.r.c.RepositoryConfigurationDelegate - Finished Spring Data repository scanning in 10 ms. Found 0 Redis repository interfaces.
26.03.2024 20:47:34.201 [restartedMain] INFO  o.s.b.w.e.t.TomcatWebServer - Tomcat initialized with port 8080 (http)
26.03.2024 20:47:34.215 [restartedMain] INFO  o.a.c.c.StandardService - Starting service [Tomcat]
26.03.2024 20:47:34.216 [restartedMain] INFO  o.a.c.c.StandardEngine - Starting Servlet engine: [Apache Tomcat/10.1.19]
26.03.2024 20:47:34.285 [restartedMain] INFO  o.a.c.c.C.[.[.[/] - Initializing Spring embedded WebApplicationContext
26.03.2024 20:47:34.285 [restartedMain] INFO  o.s.b.w.s.c.ServletWebServerApplicationContext - Root WebApplicationContext: initialization completed in 2588 ms
26.03.2024 20:47:34.350 [restartedMain] INFO  c.z.h.HikariDataSource - HikariPool-1 - Starting...
26.03.2024 20:47:34.705 [restartedMain] INFO  c.z.h.p.HikariPool - HikariPool-1 - Added connection com.mysql.cj.jdbc.ConnectionImpl@1d55529a
26.03.2024 20:47:34.707 [restartedMain] INFO  c.z.h.HikariDataSource - HikariPool-1 - Start completed.
26.03.2024 20:47:34.717 [restartedMain] INFO  o.s.b.a.h.H2ConsoleAutoConfiguration - H2 console available at '/h2-console'. Database available at 'jdbc:mysql://localhost:3306/airticket'
26.03.2024 20:47:35.686 [restartedMain] INFO  liquibase.changelog - Reading from airticket.databasechangelog
26.03.2024 20:47:35.755 [restartedMain] INFO  liquibase.ui - Database is up to date, no changesets to execute
26.03.2024 20:47:35.760 [restartedMain] INFO  liquibase.changelog - Reading from airticket.databasechangelog
26.03.2024 20:47:35.770 [restartedMain] INFO  liquibase.util - UPDATE SUMMARY
26.03.2024 20:47:35.770 [restartedMain] INFO  liquibase.util - Run:                          0
26.03.2024 20:47:35.771 [restartedMain] INFO  liquibase.util - Previously run:              13
26.03.2024 20:47:35.771 [restartedMain] INFO  liquibase.util - Filtered out:                 0
26.03.2024 20:47:35.771 [restartedMain] INFO  liquibase.util - -------------------------------
26.03.2024 20:47:35.771 [restartedMain] INFO  liquibase.util - Total change sets:           13
26.03.2024 20:47:35.772 [restartedMain] INFO  liquibase.util - Update summary generated
26.03.2024 20:47:35.795 [restartedMain] INFO  l.lockservice - Successfully released change log lock
26.03.2024 20:47:35.797 [restartedMain] INFO  liquibase.command - Command execution complete
26.03.2024 20:47:35.927 [restartedMain] INFO  o.h.j.i.u.LogHelper - HHH000204: Processing PersistenceUnitInfo [name: default]
26.03.2024 20:47:35.994 [restartedMain] INFO  o.hibernate.Version - HHH000412: Hibernate ORM core version 6.4.4.Final
26.03.2024 20:47:36.029 [restartedMain] INFO  o.h.c.i.RegionFactoryInitiator - HHH000026: Second-level cache disabled
26.03.2024 20:47:36.269 [restartedMain] INFO  o.s.o.j.p.SpringPersistenceUnitInfo - No LoadTimeWeaver setup: ignoring JPA class transformer
26.03.2024 20:47:36.315 [restartedMain] WARN  o.h.orm.deprecation - HHH90000025: MySQLDialect does not need to be specified explicitly using 'hibernate.dialect' (remove the property setting and it will be selected by default)
26.03.2024 20:47:37.418 [restartedMain] INFO  o.h.e.t.j.p.i.JtaPlatformInitiator - HHH000489: No JTA platform available (set 'hibernate.transaction.jta.platform' to enable JTA platform integration)
26.03.2024 20:47:37.422 [restartedMain] INFO  o.s.o.j.LocalContainerEntityManagerFactoryBean - Initialized JPA EntityManagerFactory for persistence unit 'default'
26.03.2024 20:47:39.199 [restartedMain] WARN  o.s.b.a.o.j.JpaBaseConfiguration$JpaWebConfiguration - spring.jpa.open-in-view is enabled by default. Therefore, database queries may be performed during view rendering. Explicitly configure spring.jpa.open-in-view to disable this warning
26.03.2024 20:47:40.396 [restartedMain] WARN  o.s.b.a.t.ThymeleafAutoConfiguration$DefaultTemplateResolverConfiguration - Cannot find template location: classpath:/templates/ (please add some templates, check your Thymeleaf configuration, or set spring.thymeleaf.check-template-location=false)
26.03.2024 20:47:41.046 [restartedMain] WARN  o.s.b.a.s.s.UserDetailsServiceAutoConfiguration - 

Using generated security password: 2aa82377-c5a3-40f5-a93c-ca50f4e5c466

This generated password is for development use only. Your security configuration must be updated before running your application in production.

26.03.2024 20:47:41.284 [restartedMain] INFO  o.s.s.w.DefaultSecurityFilterChain - Will secure any request with [org.springframework.security.web.session.DisableEncodeUrlFilter@157879cd, org.springframework.security.web.context.request.async.WebAsyncManagerIntegrationFilter@27f480e3, org.springframework.security.web.context.SecurityContextHolderFilter@91af620, org.springframework.security.web.header.HeaderWriterFilter@378ddeb1, org.springframework.web.filter.CorsFilter@4d7ec8e3, org.springframework.security.web.csrf.CsrfFilter@1054bc49, org.springframework.security.web.authentication.logout.LogoutFilter@3900672f, org.springframework.security.web.authentication.UsernamePasswordAuthenticationFilter@63b4b1f1, org.springframework.security.web.authentication.ui.DefaultLoginPageGeneratingFilter@6b2e8d94, org.springframework.security.web.authentication.ui.DefaultLogoutPageGeneratingFilter@72011ef5, org.springframework.security.web.authentication.www.BasicAuthenticationFilter@5b062cc2, org.springframework.security.web.savedrequest.RequestCacheAwareFilter@54874b1e, org.springframework.security.web.servletapi.SecurityContextHolderAwareRequestFilter@21de3dce, org.springframework.security.web.authentication.AnonymousAuthenticationFilter@24e1a769, org.springframework.security.web.access.ExceptionTranslationFilter@5ac3febb, org.springframework.security.web.access.intercept.AuthorizationFilter@4865464d]
26.03.2024 20:47:41.413 [restartedMain] INFO  o.s.b.d.a.OptionalLiveReloadServer - LiveReload server is running on port 35729
26.03.2024 20:47:41.473 [restartedMain] INFO  o.s.b.w.e.t.TomcatWebServer - Tomcat started on port 8080 (http) with context path ''
26.03.2024 20:47:41.483 [restartedMain] INFO  c.v.a.AirTicketsAppApplication - Started AirTicketsAppApplication in 10.488 seconds (process running for 11.943)
26.03.2024 20:47:54.263 [http-nio-8080-exec-1] INFO  o.a.c.c.C.[.[.[/] - Initializing Spring DispatcherServlet 'dispatcherServlet'
26.03.2024 20:47:54.263 [http-nio-8080-exec-1] INFO  o.s.w.s.DispatcherServlet - Initializing Servlet 'dispatcherServlet'
26.03.2024 20:47:54.265 [http-nio-8080-exec-1] INFO  o.s.w.s.DispatcherServlet - Completed initialization in 1 ms
26.03.2024 20:47:54.292 [http-nio-8080-exec-1] DEBUG o.s.s.w.FilterChainProxy - Securing GET /swagger-ui.html
26.03.2024 20:47:54.305 [http-nio-8080-exec-1] DEBUG o.s.s.w.a.AnonymousAuthenticationFilter - Set SecurityContextHolder to anonymous SecurityContext
26.03.2024 20:47:54.361 [http-nio-8080-exec-1] DEBUG o.s.s.w.s.HttpSessionRequestCache - Saved request http://localhost:8080/swagger-ui.html?continue to session
26.03.2024 20:47:54.364 [http-nio-8080-exec-1] DEBUG o.s.s.w.a.DelegatingAuthenticationEntryPoint - Trying to match using And [Not [RequestHeaderRequestMatcher [expectedHeaderName=X-Requested-With, expectedHeaderValue=XMLHttpRequest]], MediaTypeRequestMatcher [contentNegotiationStrategy=org.springframework.web.accept.ContentNegotiationManager@2e80a24d, matchingMediaTypes=[application/xhtml+xml, image/*, text/html, text/plain], useEquals=false, ignoredMediaTypes=[*/*]]]
26.03.2024 20:47:54.364 [http-nio-8080-exec-1] DEBUG o.s.s.w.a.DelegatingAuthenticationEntryPoint - Match found! Executing org.springframework.security.web.authentication.LoginUrlAuthenticationEntryPoint@68d034c8
26.03.2024 20:47:54.365 [http-nio-8080-exec-1] DEBUG o.s.s.w.DefaultRedirectStrategy - Redirecting to http://localhost:8080/login
26.03.2024 20:47:54.376 [http-nio-8080-exec-2] DEBUG o.s.s.w.FilterChainProxy - Securing GET /login
26.03.2024 20:47:54.466 [http-nio-8080-exec-3] DEBUG o.s.s.w.FilterChainProxy - Securing GET /favicon.ico
26.03.2024 20:47:54.467 [http-nio-8080-exec-3] DEBUG o.s.s.w.a.AnonymousAuthenticationFilter - Set SecurityContextHolder to anonymous SecurityContext
26.03.2024 20:47:54.468 [http-nio-8080-exec-3] DEBUG o.s.s.w.a.DelegatingAuthenticationEntryPoint - Trying to match using And [Not [RequestHeaderRequestMatcher [expectedHeaderName=X-Requested-With, expectedHeaderValue=XMLHttpRequest]], MediaTypeRequestMatcher [contentNegotiationStrategy=org.springframework.web.accept.ContentNegotiationManager@2e80a24d, matchingMediaTypes=[application/xhtml+xml, image/*, text/html, text/plain], useEquals=false, ignoredMediaTypes=[*/*]]]
26.03.2024 20:47:54.469 [http-nio-8080-exec-3] DEBUG o.s.s.w.a.DelegatingAuthenticationEntryPoint - Match found! Executing org.springframework.security.web.authentication.LoginUrlAuthenticationEntryPoint@68d034c8
26.03.2024 20:47:54.469 [http-nio-8080-exec-3] DEBUG o.s.s.w.DefaultRedirectStrategy - Redirecting to http://localhost:8080/login
26.03.2024 20:47:54.475 [http-nio-8080-exec-7] DEBUG o.s.s.w.FilterChainProxy - Securing GET /login
26.03.2024 20:48:04.543 [http-nio-8080-exec-5] DEBUG o.s.s.w.FilterChainProxy - Securing GET /swagger-ui.html?continue
26.03.2024 20:48:04.559 [http-nio-8080-exec-5] DEBUG o.s.s.w.s.HttpSessionRequestCache - Loaded matching saved request http://localhost:8080/swagger-ui.html?continue
26.03.2024 20:48:04.560 [http-nio-8080-exec-5] DEBUG o.s.s.w.a.AnonymousAuthenticationFilter - Set SecurityContextHolder to anonymous SecurityContext
26.03.2024 20:48:04.563 [http-nio-8080-exec-5] DEBUG o.s.s.w.s.HttpSessionRequestCache - Saved request http://localhost:8080/swagger-ui.html?continue to session
26.03.2024 20:48:04.564 [http-nio-8080-exec-5] DEBUG o.s.s.w.a.DelegatingAuthenticationEntryPoint - Trying to match using And [Not [RequestHeaderRequestMatcher [expectedHeaderName=X-Requested-With, expectedHeaderValue=XMLHttpRequest]], MediaTypeRequestMatcher [contentNegotiationStrategy=org.springframework.web.accept.ContentNegotiationManager@2e80a24d, matchingMediaTypes=[application/xhtml+xml, image/*, text/html, text/plain], useEquals=false, ignoredMediaTypes=[*/*]]]
26.03.2024 20:48:04.564 [http-nio-8080-exec-5] DEBUG o.s.s.w.a.DelegatingAuthenticationEntryPoint - Match found! Executing org.springframework.security.web.authentication.LoginUrlAuthenticationEntryPoint@68d034c8
26.03.2024 20:48:04.564 [http-nio-8080-exec-5] DEBUG o.s.s.w.DefaultRedirectStrategy - Redirecting to http://localhost:8080/login
26.03.2024 20:48:04.571 [http-nio-8080-exec-6] DEBUG o.s.s.w.FilterChainProxy - Securing GET /login
26.03.2024 20:48:04.660 [http-nio-8080-exec-4] DEBUG o.s.s.w.FilterChainProxy - Securing GET /favicon.ico
26.03.2024 20:48:04.661 [http-nio-8080-exec-4] DEBUG o.s.s.w.a.AnonymousAuthenticationFilter - Set SecurityContextHolder to anonymous SecurityContext
26.03.2024 20:48:04.663 [http-nio-8080-exec-4] DEBUG o.s.s.w.a.DelegatingAuthenticationEntryPoint - Trying to match using And [Not [RequestHeaderRequestMatcher [expectedHeaderName=X-Requested-With, expectedHeaderValue=XMLHttpRequest]], MediaTypeRequestMatcher [contentNegotiationStrategy=org.springframework.web.accept.ContentNegotiationManager@2e80a24d, matchingMediaTypes=[application/xhtml+xml, image/*, text/html, text/plain], useEquals=false, ignoredMediaTypes=[*/*]]]
26.03.2024 20:48:04.664 [http-nio-8080-exec-4] DEBUG o.s.s.w.a.DelegatingAuthenticationEntryPoint - Match found! Executing org.springframework.security.web.authentication.LoginUrlAuthenticationEntryPoint@68d034c8
26.03.2024 20:48:04.664 [http-nio-8080-exec-4] DEBUG o.s.s.w.DefaultRedirectStrategy - Redirecting to http://localhost:8080/login
26.03.2024 20:48:04.670 [http-nio-8080-exec-8] DEBUG o.s.s.w.FilterChainProxy - Securing GET /login
26.03.2024 20:48:16.205 [http-nio-8080-exec-9] DEBUG o.s.s.w.FilterChainProxy - Securing POST /login
26.03.2024 20:48:16.362 [http-nio-8080-exec-9] DEBUG o.s.s.a.d.DaoAuthenticationProvider - Failed to find user 'passenger'
26.03.2024 20:48:16.368 [http-nio-8080-exec-9] DEBUG o.s.s.w.DefaultRedirectStrategy - Redirecting to /login?error
26.03.2024 20:48:16.374 [http-nio-8080-exec-10] DEBUG o.s.s.w.FilterChainProxy - Securing GET /login?error
26.03.2024 20:48:16.405 [http-nio-8080-exec-1] DEBUG o.s.s.w.FilterChainProxy - Securing GET /favicon.ico
26.03.2024 20:48:16.406 [http-nio-8080-exec-1] DEBUG o.s.s.w.a.AnonymousAuthenticationFilter - Set SecurityContextHolder to anonymous SecurityContext
26.03.2024 20:48:16.407 [http-nio-8080-exec-1] DEBUG o.s.s.w.a.DelegatingAuthenticationEntryPoint - Trying to match using And [Not [RequestHeaderRequestMatcher [expectedHeaderName=X-Requested-With, expectedHeaderValue=XMLHttpRequest]], MediaTypeRequestMatcher [contentNegotiationStrategy=org.springframework.web.accept.ContentNegotiationManager@2e80a24d, matchingMediaTypes=[application/xhtml+xml, image/*, text/html, text/plain], useEquals=false, ignoredMediaTypes=[*/*]]]
26.03.2024 20:48:16.407 [http-nio-8080-exec-1] DEBUG o.s.s.w.a.DelegatingAuthenticationEntryPoint - Match found! Executing org.springframework.security.web.authentication.LoginUrlAuthenticationEntryPoint@68d034c8
26.03.2024 20:48:16.407 [http-nio-8080-exec-1] DEBUG o.s.s.w.DefaultRedirectStrategy - Redirecting to http://localhost:8080/login
26.03.2024 20:48:16.417 [http-nio-8080-exec-2] DEBUG o.s.s.w.FilterChainProxy - Securing GET /login
26.03.2024 20:48:21.104 [http-nio-8080-exec-3] DEBUG o.s.s.w.FilterChainProxy - Securing POST /login
26.03.2024 20:48:21.106 [http-nio-8080-exec-3] WARN  o.s.s.c.b.BCryptPasswordEncoder - Encoded password does not look like BCrypt
26.03.2024 20:48:21.106 [http-nio-8080-exec-3] DEBUG o.s.s.a.d.DaoAuthenticationProvider - Failed to authenticate since password does not match stored value
26.03.2024 20:48:21.106 [http-nio-8080-exec-3] DEBUG o.s.s.w.DefaultRedirectStrategy - Redirecting to /login?error
26.03.2024 20:48:21.112 [http-nio-8080-exec-7] DEBUG o.s.s.w.FilterChainProxy - Securing GET /login?error
26.03.2024 20:48:21.136 [http-nio-8080-exec-5] DEBUG o.s.s.w.FilterChainProxy - Securing GET /favicon.ico
26.03.2024 20:48:21.136 [http-nio-8080-exec-5] DEBUG o.s.s.w.a.AnonymousAuthenticationFilter - Set SecurityContextHolder to anonymous SecurityContext
26.03.2024 20:48:21.138 [http-nio-8080-exec-5] DEBUG o.s.s.w.a.DelegatingAuthenticationEntryPoint - Trying to match using And [Not [RequestHeaderRequestMatcher [expectedHeaderName=X-Requested-With, expectedHeaderValue=XMLHttpRequest]], MediaTypeRequestMatcher [contentNegotiationStrategy=org.springframework.web.accept.ContentNegotiationManager@2e80a24d, matchingMediaTypes=[application/xhtml+xml, image/*, text/html, text/plain], useEquals=false, ignoredMediaTypes=[*/*]]]
26.03.2024 20:48:21.138 [http-nio-8080-exec-5] DEBUG o.s.s.w.a.DelegatingAuthenticationEntryPoint - Match found! Executing org.springframework.security.web.authentication.LoginUrlAuthenticationEntryPoint@68d034c8
26.03.2024 20:48:21.138 [http-nio-8080-exec-5] DEBUG o.s.s.w.DefaultRedirectStrategy - Redirecting to http://localhost:8080/login
26.03.2024 20:48:21.141 [http-nio-8080-exec-6] DEBUG o.s.s.w.FilterChainProxy - Securing GET /login
26.03.2024 20:49:53.761 [SpringApplicationShutdownHook] INFO  o.s.o.j.LocalContainerEntityManagerFactoryBean - Closing JPA EntityManagerFactory for persistence unit 'default'
26.03.2024 20:49:53.767 [SpringApplicationShutdownHook] INFO  c.z.h.HikariDataSource - HikariPool-1 - Shutdown initiated...
26.03.2024 20:49:53.780 [SpringApplicationShutdownHook] INFO  c.z.h.HikariDataSource - HikariPool-1 - Shutdown completed.
